Arguments: 
  C:\Program Files\nodejs\node.exe C:\Users\tamil\AppData\Roaming\npm\node_modules\yarn\bin\yarn.js add -D tsnode

PATH: 
  C:\Program Files (x86)\Common Files\Oracle\Java\javapath;C:\Windows\system32;C:\Windows;C:\Windows\System32\Wbem;C:\Windows\System32\WindowsPowerShell\v1.0\;C:\Windows\System32\OpenSSH\;C:\Program Files (x86)\NVIDIA Corporation\PhysX\Common;C:\Program Files\NVIDIA Corporation\NVIDIA NvDLISR;C:\ProgramData\chocolatey\bin;C:\Program Files\nodejs\;C:\Program Files\Git\cmd;C:\Program Files\dotnet\;C:\Program Files\Microsoft SQL Server\130\Tools\Binn\;C:\Program Files\Microsoft SQL Server\Client SDK\ODBC\170\Tools\Binn\;C:\Program Files\Microsoft SQL Server\120\Tools\Binn\;C:\Program Files\Microsoft SQL Server\Client SDK\ODBC\110\Tools\Binn\;C:\Program Files (x86)\Microsoft SQL Server\120\Tools\Binn\;C:\Program Files\Microsoft SQL Server\120\DTS\Binn\;C:\Program Files (x86)\Microsoft SQL Server\120\Tools\Binn\ManagementStudio\;C:\Program Files (x86)\Microsoft SQL Server\120\DTS\Binn\;C:\Users\tamil\AppData\Local\Microsoft\WindowsApps;C:\Users\tamil\AppData\Roaming\npm;C:\Users\tamil\AppData\Local\Programs\Microsoft VS Code\bin;C:\Users\tamil\.dotnet\tools

Yarn version: 
  1.22.1

Node version: 
  13.3.0

Platform: 
  win32 x64

Trace: 
  Error: https://registry.yarnpkg.com/tsnode: Not found
      at Request.params.callback [as _callback] (C:\Users\tamil\AppData\Roaming\npm\node_modules\yarn\lib\cli.js:66091:18)
      at Request.self.callback (C:\Users\tamil\AppData\Roaming\npm\node_modules\yarn\lib\cli.js:140743:22)
      at Request.emit (events.js:219:5)
      at Request.<anonymous> (C:\Users\tamil\AppData\Roaming\npm\node_modules\yarn\lib\cli.js:141715:10)
      at Request.emit (events.js:219:5)
      at IncomingMessage.<anonymous> (C:\Users\tamil\AppData\Roaming\npm\node_modules\yarn\lib\cli.js:141637:12)
      at Object.onceWrapper (events.js:308:28)
      at IncomingMessage.emit (events.js:224:7)
      at endReadableNT (_stream_readable.js:1206:12)
      at processTicksAndRejections (internal/process/task_queues.js:84:21)

npm manifest: 
  {
    "name": "nodedemo",
    "version": "1.0.0",
    "description": "",
    "main": "index.js",
    "scripts": {
      "build":"tsc"
    },
    "repository": {
      "type": "git",
      "url": "git+https://github.com/atomist-hcl/nodedemo.git"
    },
    "keywords": [],
    "author": "",
    "license": "ISC",
    "bugs": {
      "url": "https://github.com/atomist-hcl/nodedemo/issues"
    },
    "homepage": "https://github.com/atomist-hcl/nodedemo#readme",
    "devDependencies": {
      "typescript": "^3.8.3"
    }
  }

yarn manifest: 
  No manifest

Lockfile: 
  # THIS IS AN AUTOGENERATED FILE. DO NOT EDIT THIS FILE DIRECTLY.
  # yarn lockfile v1
  
  
  typescript@^3.8.3:
    version "3.8.3"
    resolved "https://registry.yarnpkg.com/typescript/-/typescript-3.8.3.tgz#409eb8544ea0335711205869ec458ab109ee1061"
    integrity sha512-MYlEfn5VrLNsgudQTVJeNaQFUAI7DkhnOjdpAp4T+ku1TfQClewlbSuTVHiA+8skNBgaf02TL/kLOvig4y3G8w==
